
  .   ____          _            __ _ _
 /\\ / ___'_ __ _ _(_)_ __  __ _ \ \ \ \
( ( )\___ | '_ | '_| | '_ \/ _` | \ \ \ \
 \\/  ___)| |_)| | | | | || (_| |  ) ) ) )
  '  |____| .__|_| |_|_| |_\__, | / / / /
 =========|_|==============|___/=/_/_/_/

 :: Spring Boot ::                (v4.0.0)

2025-12-18T09:28:58.180+03:00  INFO 19134 --- [internet-cafe] [           main] c.m.i.InternetCafeApplication            : Starting InternetCafeApplication v0.0.1-SNAPSHOT using Java 21.0.9 with PID 19134 (/home/mtesfa/Downloads/internet-cafe/target/internet-cafe-0.0.1-SNAPSHOT.jar started by mtesfa in /home/mtesfa/Downloads/internet-cafe)
2025-12-18T09:28:58.185+03:00  INFO 19134 --- [internet-cafe] [           main] c.m.i.InternetCafeApplication            : No active profile set, falling back to 1 default profile: "default"
2025-12-18T09:28:59.151+03:00  INFO 19134 --- [internet-cafe] [           main] .s.d.r.c.RepositoryConfigurationDelegate : Bootstrapping Spring Data JPA repositories in DEFAULT mode.
2025-12-18T09:28:59.331+03:00  INFO 19134 --- [internet-cafe] [           main] .s.d.r.c.RepositoryConfigurationDelegate : Finished Spring Data repository scanning in 173 ms. Found 5 JPA repository interfaces.
2025-12-18T09:29:00.112+03:00  INFO 19134 --- [internet-cafe] [           main] o.s.boot.tomcat.TomcatWebServer          : Tomcat initialized with port 8052 (http)
2025-12-18T09:29:00.132+03:00  INFO 19134 --- [internet-cafe] [           main] o.apache.catalina.core.StandardService   : Starting service [Tomcat]
2025-12-18T09:29:00.132+03:00  INFO 19134 --- [internet-cafe] [           main] o.apache.catalina.core.StandardEngine    : Starting Servlet engine: [Apache Tomcat/11.0.14]
2025-12-18T09:29:00.181+03:00  INFO 19134 --- [internet-cafe] [           main] b.w.c.s.WebApplicationContextInitializer : Root WebApplicationContext: initialization completed in 1937 ms
2025-12-18T09:29:00.345+03:00  INFO 19134 --- [internet-cafe] [           main] o.hibernate.jpa.internal.util.LogHelper  : HHH000204: Processing PersistenceUnitInfo [name: default]
2025-12-18T09:29:00.387+03:00  INFO 19134 --- [internet-cafe] [           main] org.hibernate.Version                    : HHH000412: Hibernate ORM core version 7.1.8.Final
2025-12-18T09:29:00.715+03:00  INFO 19134 --- [internet-cafe] [           main] o.s.o.j.p.SpringPersistenceUnitInfo      : No LoadTimeWeaver setup: ignoring JPA class transformer
2025-12-18T09:29:00.801+03:00  INFO 19134 --- [internet-cafe] [           main] com.zaxxer.hikari.HikariDataSource       : HikariPool-1 - Starting...
2025-12-18T09:29:01.068+03:00  INFO 19134 --- [internet-cafe] [           main] com.zaxxer.hikari.pool.HikariPool        : HikariPool-1 - Added connection ConnectionID:1 ClientConnectionId: 5c3bab90-1b77-4ec0-b571-a6240ebdf18d
2025-12-18T09:29:01.069+03:00  INFO 19134 --- [internet-cafe] [           main] com.zaxxer.hikari.HikariDataSource       : HikariPool-1 - Start completed.
2025-12-18T09:29:01.108+03:00  WARN 19134 --- [internet-cafe] [           main] org.hibernate.orm.deprecation            : HHH90000025: SQLServerDialect does not need to be specified explicitly using 'hibernate.dialect' (remove the property setting and it will be selected by default)
2025-12-18T09:29:01.134+03:00  INFO 19134 --- [internet-cafe] [           main] org.hibernate.orm.connections.pooling    : HHH10001005: Database info:
	Database JDBC URL [jdbc:sqlserver://localhost:1433;concatNullYieldsNull=ON;quotedIdentifier=ON;connectRetryInterval=10;connectRetryCount=1;maxResultBuffer=-1;sendTemporalDataTypesAsStringForBulkCopy=true;delayLoadingLobs=true;useFmtOnly=false;vectorTypeSupport=v1;cacheBulkCopyMetadata=false;bulkCopyForBatchInsertAllowEncryptedValueModifications=false;bulkCopyForBatchInsertTableLock=false;bulkCopyForBatchInsertKeepNulls=false;bulkCopyForBatchInsertKeepIdentity=false;bulkCopyForBatchInsertFireTriggers=false;bulkCopyForBatchInsertCheckConstraints=false;bulkCopyForBatchInsertBatchSize=0;useBulkCopyForBatchInsert=false;cancelQueryTimeout=-1;sslProtocol=TLS;calcBigDecimalPrecision=false;useDefaultJaasConfig=false;jaasConfigurationName=SQLJDBCDriver;statementPoolingCacheSize=0;serverPreparedStatementDiscardThreshold=10;enablePrepareOnFirstPreparedStatementCall=false;fips=false;socketTimeout=0;authentication=NotSpecified;authenticationScheme=nativeAuthentication;xopenStates=false;datetimeParameterType=datetime2;sendTimeAsDatetime=true;replication=false;trustStoreType=JKS;trustServerCertificate=false;TransparentNetworkIPResolution=true;iPAddressPreference=IPv4First;serverNameAsACE=false;sendStringParametersAsUnicode=true;selectMethod=direct;responseBuffering=adaptive;queryTimeout=-1;packetSize=8000;multiSubnetFailover=false;loginTimeout=30;lockTimeout=-1;lastUpdateCount=true;useDefaultGSSCredential=false;prepareMethod=prepexec;encrypt=false;disableStatementPooling=true;databaseName=shareholder_attendance;columnEncryptionSetting=Disabled;applicationName=Microsoft JDBC Driver for SQL Server;applicationIntent=readwrite;]
	Database driver: Microsoft JDBC Driver 13.2 for SQL Server
	Database dialect: SQLServerDialect
	Database version: 16.0
	Default catalog/schema: shareholder_attendance/dbo
	Autocommit mode: undefined/unknown
	Isolation level: READ_COMMITTED [default READ_COMMITTED]
	JDBC fetch size: 128
	Pool: DatasourceConnectionProviderImpl
	Minimum pool size: undefined/unknown
	Maximum pool size: undefined/unknown
2025-12-18T09:29:02.230+03:00  INFO 19134 --- [internet-cafe] [           main] o.h.e.t.j.p.i.JtaPlatformInitiator       : HHH000489: No JTA platform available (set 'hibernate.transaction.jta.platform' to enable JTA platform integration)
2025-12-18T09:29:02.415+03:00  INFO 19134 --- [internet-cafe] [           main] j.LocalContainerEntityManagerFactoryBean : Initialized JPA EntityManagerFactory for persistence unit 'default'
2025-12-18T09:29:02.476+03:00  INFO 19134 --- [internet-cafe] [           main] o.s.d.j.r.query.QueryEnhancerFactories   : Hibernate is in classpath; If applicable, HQL parser will be used.
2025-12-18T09:29:03.571+03:00  INFO 19134 --- [internet-cafe] [           main] r$InitializeUserDetailsManagerConfigurer : Global AuthenticationManager configured with UserDetailsService bean with name userDetailsServiceImp
>>> Initializing Ubuntu D-Bus Event Listener...
2025-12-18T09:29:03.809+03:00  WARN 19134 --- [internet-cafe] [           main] JpaBaseConfiguration$JpaWebConfiguration : spring.jpa.open-in-view is enabled by default. Therefore, database queries may be performed during view rendering. Explicitly configure spring.jpa.open-in-view to disable this warning
2025-12-18T09:29:04.546+03:00  INFO 19134 --- [internet-cafe] [           main] o.s.m.s.b.SimpleBrokerMessageHandler     : Starting...
2025-12-18T09:29:04.547+03:00  INFO 19134 --- [internet-cafe] [           main] o.s.m.s.b.SimpleBrokerMessageHandler     : BrokerAvailabilityEvent[available=true, SimpleBrokerMessageHandler [org.springframework.messaging.simp.broker.DefaultSubscriptionRegistry@22d7e121]]
2025-12-18T09:29:04.548+03:00  INFO 19134 --- [internet-cafe] [           main] o.s.m.s.b.SimpleBrokerMessageHandler     : Started.
2025-12-18T09:29:04.587+03:00  INFO 19134 --- [internet-cafe] [           main] o.s.m.s.b.SimpleBrokerMessageHandler     : Stopping...
2025-12-18T09:29:04.588+03:00  INFO 19134 --- [internet-cafe] [           main] o.s.m.s.b.SimpleBrokerMessageHandler     : BrokerAvailabilityEvent[available=false, SimpleBrokerMessageHandler [org.springframework.messaging.simp.broker.DefaultSubscriptionRegistry@22d7e121]]
2025-12-18T09:29:04.588+03:00  INFO 19134 --- [internet-cafe] [           main] o.s.m.s.b.SimpleBrokerMessageHandler     : Stopped.
2025-12-18T09:29:04.638+03:00  WARN 19134 --- [internet-cafe] [           main] ConfigServletWebServerApplicationContext : Exception encountered during context initialization - cancelling refresh attempt: org.springframework.context.ApplicationContextException: Failed to start bean 'webServerStartStop'
2025-12-18T09:29:04.646+03:00  INFO 19134 --- [internet-cafe] [           main] j.LocalContainerEntityManagerFactoryBean : Closing JPA EntityManagerFactory for persistence unit 'default'
2025-12-18T09:29:04.652+03:00  INFO 19134 --- [internet-cafe] [           main] com.zaxxer.hikari.HikariDataSource       : HikariPool-1 - Shutdown initiated...
2025-12-18T09:29:04.655+03:00  INFO 19134 --- [internet-cafe] [           main] com.zaxxer.hikari.HikariDataSource       : HikariPool-1 - Shutdown completed.
2025-12-18T09:29:04.673+03:00  INFO 19134 --- [internet-cafe] [           main] .s.b.a.l.ConditionEvaluationReportLogger : 

Error starting ApplicationContext. To display the condition evaluation report re-run your application with 'debug' enabled.
2025-12-18T09:29:04.687+03:00 ERROR 19134 --- [internet-cafe] [           main] o.s.b.d.LoggingFailureAnalysisReporter   : 

***************************
APPLICATION FAILED TO START
***************************

Description:

Web server failed to start. Port 8052 was already in use.

Action:

Identify and stop the process that's listening on port 8052 or configure this application to listen on another port.

